$ nmap 192.168.51.58 -sC -A -p- --min-rate 1000
Starting Nmap 7.98 ( https://nmap.org ) at 2026-03-30 09:07 +0000
Nmap scan report for 192.168.51.58
Host is up (0.00093s latency).
Not shown: 65527 filtered tcp ports (no-response)
PORT      STATE SERVICE     VERSION
21/tcp    open  ftp         vsftpd 3.0.2
| ftp-anon: Anonymous FTP login allowed (FTP code 230)
|_Can't get directory listing: TIMEOUT
| ftp-syst: 
|   STAT: 
| FTP server status:
|      Connected to ::ffff:192.168.49.51
|      Logged in as ftp
|      TYPE: ASCII
|      No session bandwidth limit
|      Session timeout in seconds is 300
|      Control connection is plain text
|      Data connections will be plain text
|      At session startup, client count was 1
|      vsFTPd 3.0.2 - secure, fast, stable
|_End of status
22/tcp    open  ssh         OpenSSH 7.4 (protocol 2.0)
| ssh-hostkey: 
|   2048 4a:79:67:12:c7:ec:13:3a:96:bd:d3:b4:7c:f3:95:15 (RSA)
|   256 a8:a3:a7:88:cf:37:27:b5:4d:45:13:79:db:d2:ba:cb (ECDSA)
|_  256 f2:07:13:19:1f:29:de:19:48:7c:db:45:99:f9:cd:3e (ED25519)
80/tcp    open  http        Apache httpd 2.4.6 ((CentOS) PHP/5.4.16)
|_http-server-header: Apache/2.4.6 (CentOS) PHP/5.4.16
|_http-title: Simple PHP Photo Gallery
111/tcp   open  rpcbind     2-4 (RPC #100000)
| rpcinfo: 
|   program version    port/proto  service
|   100000  2,3,4        111/tcp   rpcbind
|   100000  2,3,4        111/udp   rpcbind
|   100000  3,4          111/tcp6  rpcbind
|_  100000  3,4          111/udp6  rpcbind
139/tcp   open  netbios-ssn Samba smbd 3.X - 4.X (workgroup: SAMBA)
445/tcp   open  netbios-ssn Samba smbd 4.10.4 (workgroup: SAMBA)
3306/tcp  open  mysql       MySQL (unauthorized)
33060/tcp open  mysqlx      MySQL X protocol listener
Warning: OSScan results may be unreliable because we could not find at least 1 open and 1 closed port
Device type: general purpose|firewall
Running (JUST GUESSING): Linux 4.X|3.X|5.X|2.6.X (97%), IPFire 2.X (90%)
OS CPE: cpe:/o:linux:linux_kernel:4 cpe:/o:linux:linux_kernel:3 cpe:/o:linux:linux_kernel:5 cpe:/o:linux:linux_kernel:2.6.32 cpe:/o:ipfire:ipfire:2.25
Aggressive OS guesses: Linux 4.0 - 4.4 (97%), Linux 3.10 - 4.11 (91%), Linux 3.11 - 4.9 (91%), Linux 3.2 - 4.14 (91%), Linux 5.1 - 5.15 (91%), Linux 2.6.32 (90%), Linux 2.6.32 or 3.10 (90%), Linux 4.19 - 5.15 (90%), IPFire 2.25 firewall (Linux 4.14) (90%), Linux 3.10 - 3.12 (90%)
No exact OS matches for host (test conditions non-ideal).
Network Distance: 2 hops
Service Info: Host: SNOOKUMS; OS: Unix

Host script results:
| smb-security-mode: 
|   account_used: <blank>
|   authentication_level: user
|   challenge_response: supported
|_  message_signing: disabled (dangerous, but default)
| smb2-security-mode: 
|   3.1.1: 
|_    Message signing enabled but not required
| smb2-time: 
|   date: 2026-03-30T09:09:05
|_  start_date: N/A
|_clock-skew: mean: 1h20m00s, deviation: 2h18m34s, median: 0s
| smb-os-discovery: 
|   OS: Windows 6.1 (Samba 4.10.4)
|   Computer name: snookums
|   NetBIOS computer name: SNOOKUMS\x00
|   Domain name: \x00
|   FQDN: snookums
|_  System time: 2026-03-30T05:09:04-04:00

TRACEROUTE (using port 111/tcp)
HOP RTT     ADDRESS
1   0.19 ms 192.168.49.1
2   0.45 ms 192.168.51.58

OS and Service detection performed. Please report any incorrect results at https://nmap.org/submit/ .
Nmap done: 1 IP address (1 host up) scanned in 158.35 seconds
