$ nmap 192.168.52.40 -sC -A -p- --min-rate 1000 
Starting Nmap 7.98 ( https://nmap.org ) at 2026-03-29 10:07 +0000
Nmap scan report for 192.168.52.40
Host is up (0.00042s latency).
Not shown: 65522 closed tcp ports (reset)
PORT      STATE SERVICE       VERSION
53/tcp    open  domain        Microsoft DNS 6.0.6001 (17714650) (Windows Server 2008 SP1)
| dns-nsid: 
|_  bind.version: Microsoft DNS 6.0.6001 (17714650)
135/tcp   open  msrpc         Microsoft Windows RPC
139/tcp   open  netbios-ssn   Microsoft Windows netbios-ssn
445/tcp   open  microsoft-ds  Windows Server (R) 2008 Standard 6001 Service Pack 1 microsoft-ds (workgroup: WORKGROUP)
3389/tcp  open  ms-wbt-server Microsoft Terminal Service
|_ssl-date: 2026-03-29T10:09:52+00:00; 0s from scanner time.
| rdp-ntlm-info: 
|   Target_Name: INTERNAL
|   NetBIOS_Domain_Name: INTERNAL
|   NetBIOS_Computer_Name: INTERNAL
|   DNS_Domain_Name: internal
|   DNS_Computer_Name: internal
|   Product_Version: 6.0.6001
|_  System_Time: 2026-03-29T10:09:44+00:00
| ssl-cert: Subject: commonName=internal
| Not valid before: 2025-03-04T23:44:47
|_Not valid after:  2025-09-03T23:44:47
5357/tcp  open  http          Microsoft HTTPAPI httpd 2.0 (SSDP/UPnP)
|_http-title: Service Unavailable
|_http-server-header: Microsoft-HTTPAPI/2.0
49152/tcp open  msrpc         Microsoft Windows RPC
49153/tcp open  msrpc         Microsoft Windows RPC
49154/tcp open  msrpc         Microsoft Windows RPC
49155/tcp open  msrpc         Microsoft Windows RPC
49156/tcp open  msrpc         Microsoft Windows RPC
49157/tcp open  msrpc         Microsoft Windows RPC
49158/tcp open  msrpc         Microsoft Windows RPC
Device type: general purpose
Running: Microsoft Windows 2008|7|Vista
OS CPE: cpe:/o:microsoft:windows_server_2008:r2 cpe:/o:microsoft:windows_7 cpe:/o:microsoft:windows_vista::- cpe:/o:microsoft:windows_vista::sp1
OS details: Microsoft Windows 7 or Windows Server 2008 R2, Microsoft Windows Vista SP0 or SP1, Windows Server 2008 SP1, or Windows 7, Microsoft Windows Vista SP2, Windows 7 SP1, or Windows Server 2008
Network Distance: 2 hops
Service Info: Host: INTERNAL; OS: Windows; CPE: cpe:/o:microsoft:windows_server_2008::sp1, cpe:/o:microsoft:windows, cpe:/o:microsoft:windows_server_2008:r2

Host script results:
| smb-security-mode: 
|   account_used: guest
|   authentication_level: user
|   challenge_response: supported
|_  message_signing: disabled (dangerous, but default)
|_clock-skew: mean: 1h23m59s, deviation: 3h07m49s, median: 0s
|_nbstat: NetBIOS name: INTERNAL, NetBIOS user: <unknown>, NetBIOS MAC: 00:50:56:86:90:01 (VMware)
| smb2-security-mode: 
|   2.0.2: 
|_    Message signing enabled but not required
| smb2-time: 
|   date: 2026-03-29T10:09:44
|_  start_date: 2025-03-05T23:44:46
| smb-os-discovery: 
|   OS: Windows Server (R) 2008 Standard 6001 Service Pack 1 (Windows Server (R) 2008 Standard 6.0)
|   OS CPE: cpe:/o:microsoft:windows_server_2008::sp1
|   Computer name: internal
|   NetBIOS computer name: INTERNAL\x00
|   Workgroup: WORKGROUP\x00
|_  System time: 2026-03-29T03:09:44-07:00

TRACEROUTE (using port 8888/tcp)
HOP RTT     ADDRESS
1   0.18 ms 192.168.49.1
2   0.45 ms 192.168.52.40

OS and Service detection performed. Please report any incorrect results at https://nmap.org/submit/ .
Nmap done: 1 IP address (1 host up) scanned in 112.88 seconds

